Arguments: 
  C:\Program Files\nodejs\node.exe C:\Users\Wjr\AppData\Roaming\npm\node_modules\yarn\bin\yarn.js init

PATH: 
  C:\WINDOWS\system32;C:\WINDOWS;C:\WINDOWS\System32\Wbem;C:\WINDOWS\System32\WindowsPowerShell\v1.0\;C:\WINDOWS\System32\OpenSSH\;C:\Program Files\dotnet\;C:\xampp\php;C:\Program Files\nodejs\;C:\Program Files\Git\cmd;C:\Dart\dart-sdk\bin;C:\Users\Wjr\AppData\Local\Microsoft\WindowsApps;C:\Users\Wjr\AppData\Local\Programs\Microsoft VS Code\bin;C:\Users\Wjr\.dotnet\tools;C:\ftr\flutter_windows_2.0.6-stable\flutter\bin;C:\Users\Wjr\AppData\Local\GitHubDesktop\bin;C:\Users\Wjr\AppData\Roaming\npm;C:\Program Files\heroku\bin

Yarn version: 
  1.22.17

Node version: 
  16.13.0

Platform: 
  win32 x64

Trace: 
  Error: canceled
      at Interface.<anonymous> (C:\Users\Wjr\AppData\Roaming\npm\node_modules\yarn\lib\cli.js:137143:13)
      at Interface.emit (node:events:390:28)
      at Interface._ttyWrite (node:readline:1081:16)
      at ReadStream.onkeypress (node:readline:288:10)
      at ReadStream.emit (node:events:390:28)
      at emitKeys (node:internal/readline/utils:358:14)
      at emitKeys.next (<anonymous>)
      at ReadStream.onData (node:internal/readline/emitKeypressEvents:61:36)
      at ReadStream.emit (node:events:390:28)
      at addChunk (node:internal/streams/readable:315:12)

npm manifest: 
  {
    "name": "botfacebooknodejs",
    "version": "1.0.0",
    "description": "messenger bot nodejs witAI",
    "main": "server.js",
    "scripts": {
      "test": "echo \"Error: no test specified\" && exit 1",
      "start": "nodemon --exec babel-node src/server.js"
    },
    "keywords": [
      "messenger",
      "bot",
      "nodejs",
      "witAI"
    ],
    "author": "Hary Pham",
    "license": "ISC",
    "dependencies": {
      "body-parser": "^1.19.0",
      "dotenv": "^8.2.0",
      "ejs": "^3.1.3",
      "express": "^4.17.1",
      "request": "^2.88.2"
    },
    "devDependencies": {
      "babel-cli": "^6.26.0",
      "babel-preset-env": "^1.7.0",
      "nodemon": "^2.0.4"
    }
  }

yarn manifest: 
  No manifest

Lockfile: 
  No lockfile
